#
# A fatal error has been detected by the Java Runtime Environment:
#
#  EXCEPTION_ACCESS_VIOLATION (0xc0000005) at pc=0x000000006cba4d07, pid=16720, tid=0x0000000000001094
#
# JRE version: Java(TM) SE Runtime Environment (8.0_221-b11) (build 1.8.0_221-b11)
# Java VM: Java HotSpot(TM) 64-Bit Server VM (25.221-b11 mixed mode windows-amd64 compressed oops)
# Problematic frame:
# V  [jvm.dll+0x214d07]
#
# Failed to write core dump. Minidumps are not enabled by default on client versions of Windows
#
# If you would like to submit a bug report, please visit:
#   http://bugreport.java.com/bugreport/crash.jsp
#

---------------  T H R E A D  ---------------

Current thread (0x000000001635d000):  JavaThread "Thread-93" [_thread_in_vm, id=4244, stack(0x00000000182c0000,0x00000000183c0000)]

siginfo: ExceptionCode=0xc0000005, writing address 0x00000000183b9920

Registers:
RAX=0x00000000183b9920, RBX=0x0000000000000007, RCX=0x0000000000006000, RDX=0x0000000000000006
RSP=0x00000000183bf920, RBP=0x0000000000000000, RSI=0x00000000183bf920, RDI=0x0000000000000007
R8 =0x0000000000000006, R9 =0x0000000018a2ce30, R10=0x000000001426c738, R11=0x00000000182ca148
R12=0x0000000018a2ce30, R13=0x000000001635d000, R14=0x00000000183bf9e8, R15=0x000000001426c738
RIP=0x000000006cba4d07, EFLAGS=0x0000000000010202

Top of Stack: (sp=0x00000000183bf920)
0x00000000183bf920:   0000000000000001 0000000100006c48
0x00000000183bf930:   000000001635d000 0000000018a2ce30
0x00000000183bf940:   00000000ffffffff 000000006cba5c37
0x00000000183bf950:   00000000183bfa50 000000001426c738
0x00000000183bf960:   000000001635d000 000000006ca51013
0x00000000183bf970:   00000000183bf9b0 000000001635d000
0x00000000183bf980:   00000000183bfa40 000000001635d000
0x00000000183bf990:   000000001426c738 000000001635d000
0x00000000183bf9a0:   00000000026c3be0 000000001635d000
0x00000000183bf9b0:   000000001426c738 000000001635d000
0x00000000183bf9c0:   000000001426c738 000000001635d000
0x00000000183bf9d0:   0000000000000001 000000001426c738
0x00000000183bf9e0:   000000001635d000 00000000171e97f0
0x00000000183bf9f0:   000000001635d000 000000006ca5277d
0x00000000183bfa00:   00000000183bfd08 0000000100006c48
0x00000000183bfa10:   0000000100006c48 0000000000000000 

Instructions: (pc=0x000000006cba4d07)
0x000000006cba4ce7:   48 89 6c 24 30 33 ed 66 90 e8 2b 5e 08 00 ff c3
0x000000006cba4cf7:   48 63 c8 48 8b c6 48 0f af cf 48 ff c7 48 2b c1
0x000000006cba4d07:   89 28 48 63 c3 48 3b 05 95 ab 59 00 7e db 48 8b
0x000000006cba4d17:   6c 24 30 48 8b 5c 24 38 48 8b 74 24 40 48 83 c4 


Register to memory mapping:

RAX=0x00000000183b9920 is pointing into the stack for thread: 0x000000001635d000
RBX=0x0000000000000007 is an unknown value
RCX=0x0000000000006000 is an unknown value
RDX=0x0000000000000006 is an unknown value
RSP=0x00000000183bf920 is pointing into the stack for thread: 0x000000001635d000
RBP=0x0000000000000000 is an unknown value
RSI=0x00000000183bf920 is pointing into the stack for thread: 0x000000001635d000
RDI=0x0000000000000007 is an unknown value
R8 =0x0000000000000006 is an unknown value
R9 =0x0000000018a2ce30 is an unknown value
R10={method} {0x000000001426c740} 'run' '()V' in 'java/lang/Thread'
R11=0x00000000182ca148 is pointing into the stack for thread: 0x000000001635d000
R12=0x0000000018a2ce30 is an unknown value
R13=0x000000001635d000 is a thread
R14=0x00000000183bf9e8 is pointing into the stack for thread: 0x000000001635d000
R15={method} {0x000000001426c740} 'run' '()V' in 'java/lang/Thread'


Stack: [0x00000000182c0000,0x00000000183c0000],  sp=0x00000000183bf920,  free space=1022k
Native frames: (J=compiled Java code, j=interpreted, Vv=VM code, C=native code)


---------------  P R O C E S S  ---------------

Java Threads: ( => current thread )
=>0x000000001635d000 JavaThread "Thread-93" [_thread_in_vm, id=4244, stack(0x00000000182c0000,0x00000000183c0000)]
  0x00000000174ee800 JavaThread "restartedMain" [_thread_blocked, id=15540, stack(0x00000000181c0000,0x00000000182c0000)]
  0x00000000174ee000 JavaThread "Thread-2" [_thread_blocked, id=12736, stack(0x00000000180c0000,0x00000000181c0000)]
  0x0000000017352800 JavaThread "JMX server connection timeout 17" daemon [_thread_blocked, id=13624, stack(0x0000000017c80000,0x0000000017d80000)]
  0x0000000017287000 JavaThread "RMI TCP Connection(2)-127.0.0.1" daemon [_thread_in_native, id=14764, stack(0x0000000017b80000,0x0000000017c80000)]
  0x000000001727c000 JavaThread "RMI Scheduler(0)" daemon [_thread_blocked, id=23468, stack(0x0000000017a80000,0x0000000017b80000)]
  0x0000000017274800 JavaThread "RMI TCP Connection(1)-127.0.0.1" daemon [_thread_in_native, id=19860, stack(0x0000000017980000,0x0000000017a80000)]
  0x0000000017273000 JavaThread "RMI TCP Accept-0" daemon [_thread_in_native, id=23116, stack(0x0000000017780000,0x0000000017880000)]
  0x0000000017267800 JavaThread "RMI TCP Accept-50349" daemon [_thread_in_native, id=23080, stack(0x0000000017680000,0x0000000017780000)]
  0x0000000017259800 JavaThread "RMI TCP Accept-0" daemon [_thread_in_native, id=200, stack(0x0000000017580000,0x0000000017680000)]
  0x0000000016362800 JavaThread "Service Thread" daemon [_thread_blocked, id=22620, stack(0x0000000016940000,0x0000000016a40000)]
  0x000000001635a000 JavaThread "C1 CompilerThread2" daemon [_thread_blocked, id=20188, stack(0x0000000016840000,0x0000000016940000)]
  0x0000000014c37800 JavaThread "C2 CompilerThread1" daemon [_thread_blocked, id=20856, stack(0x0000000016740000,0x0000000016840000)]
  0x0000000014be9800 JavaThread "C2 CompilerThread0" daemon [_thread_blocked, id=19396, stack(0x0000000016240000,0x0000000016340000)]
  0x0000000014be8800 JavaThread "Attach Listener" daemon [_thread_blocked, id=1104, stack(0x0000000016140000,0x0000000016240000)]
  0x0000000014be8000 JavaThread "Signal Dispatcher" daemon [_thread_blocked, id=23384, stack(0x0000000016040000,0x0000000016140000)]
  0x0000000014bd0000 JavaThread "Finalizer" daemon [_thread_blocked, id=18772, stack(0x0000000015e40000,0x0000000015f40000)]
  0x00000000026a8000 JavaThread "Reference Handler" daemon [_thread_blocked, id=21896, stack(0x0000000015d40000,0x0000000015e40000)]
  0x00000000025ba000 JavaThread "main" [_thread_blocked, id=16916, stack(0x00000000024b0000,0x00000000025b0000)]

Other Threads:
  0x0000000014ba7800 VMThread [stack: 0x0000000015c40000,0x0000000015d40000] [id=21056]
  0x0000000017274000 WatcherThread [stack: 0x0000000017880000,0x0000000017980000] [id=3384]

VM state:not at safepoint (normal execution)

VM Mutex/Monitor currently owned by a thread: None

heap address: 0x00000000c2c00000, size: 980 MB, Compressed Oops mode: 32-bit
Narrow klass base: 0x0000000000000000, Narrow klass shift: 3
Compressed class space size: 1073741824 Address: 0x0000000100000000

Heap:
 PSYoungGen      total 69120K, used 51625K [0x00000000eb980000, 0x00000000f0380000, 0x0000000100000000)
  eden space 63488K, 73% used [0x00000000eb980000,0x00000000ee6ec298,0x00000000ef780000)
  from space 5632K, 90% used [0x00000000efe00000,0x00000000f02fe438,0x00000000f0380000)
  to   space 6144K, 0% used [0x00000000ef780000,0x00000000ef780000,0x00000000efd80000)
 ParOldGen       total 33792K, used 9977K [0x00000000c2c00000, 0x00000000c4d00000, 0x00000000eb980000)
  object space 33792K, 29% used [0x00000000c2c00000,0x00000000c35be710,0x00000000c4d00000)
 Metaspace       used 23451K, capacity 24495K, committed 24832K, reserved 1073152K
  class space    used 3238K, capacity 3502K, committed 3584K, reserved 1048576K

Card table byte_map: [0x0000000011a70000,0x0000000011c60000] byte_map_base: 0x000000001145a000

Marking Bits: (ParMarkBitMap*) 0x000000006d1b5ce0
 Begin Bits: [0x00000000121b0000, 0x0000000013100000)
 End Bits:   [0x0000000013100000, 0x0000000014050000)

Polling page: 0x00000000003f0000

CodeCache: size=245760Kb used=4802Kb max_used=4802Kb free=240958Kb
 bounds [0x00000000026b0000, 0x0000000002b70000, 0x00000000116b0000]
 total_blobs=2829 nmethods=2417 adapters=323
 compilation: enabled

Compilation events (10 events):
Event: 15.988 Thread 0x000000001635a000 2413       1       org.springframework.context.annotation.ConfigurationClassParser::collectImports (98 bytes)
Event: 15.988 Thread 0x000000001635a000 nmethod 2413 0x0000000002b5e0d0 code [0x0000000002b5e2e0, 0x0000000002b5e6f8]
Event: 15.989 Thread 0x000000001635a000 2414       1       org.springframework.context.annotation.ConditionEvaluator$ConditionContextImpl::getClassLoader (5 bytes)
Event: 15.990 Thread 0x000000001635a000 nmethod 2414 0x0000000002b5eb10 code [0x0000000002b5ec60, 0x0000000002b5ed70]
Event: 15.992 Thread 0x000000001635a000 2415       1       org.springframework.core.annotation.AnnotationsScanner::process (49 bytes)
Event: 15.992 Thread 0x000000001635a000 nmethod 2415 0x0000000002b5edd0 code [0x0000000002b5ef60, 0x0000000002b5f1a8]
Event: 15.996 Thread 0x000000001635a000 2416   !   1       org.springframework.context.annotation.ConfigurationClassParser$SourceClass::getRelated (117 bytes)
Event: 15.998 Thread 0x000000001635a000 nmethod 2416 0x0000000002b5f2d0 code [0x0000000002b5f520, 0x0000000002b5fcc8]
Event: 16.013 Thread 0x000000001635a000 2417       1       org.springframework.core.type.AnnotatedTypeMetadata::isAnnotated (13 bytes)
Event: 16.013 Thread 0x000000001635a000 nmethod 2417 0x0000000002b60490 code [0x0000000002b60600, 0x0000000002b60758]

GC Heap History (10 events):
Event: 6.972 GC heap before
{Heap before GC invocations=5 (full 0):
 PSYoungGen      total 34304K, used 34304K [0x00000000eb980000, 0x00000000edd80000, 0x0000000100000000)
  eden space 31744K, 100% used [0x00000000eb980000,0x00000000ed880000,0x00000000ed880000)
  from space 2560K, 100% used [0x00000000edb00000,0x00000000edd80000,0x00000000edd80000)
  to   space 2560K, 0% used [0x00000000ed880000,0x00000000ed880000,0x00000000edb00000)
 ParOldGen       total 42496K, used 6749K [0x00000000c2c00000, 0x00000000c5580000, 0x00000000eb980000)
  object space 42496K, 15% used [0x00000000c2c00000,0x00000000c32977d0,0x00000000c5580000)
 Metaspace       used 13859K, capacity 14240K, committed 14464K, reserved 1062912K
  class space    used 1777K, capacity 1901K, committed 1920K, reserved 1048576K
Event: 6.979 GC heap after
Heap after GC invocations=5 (full 0):
 PSYoungGen      total 34304K, used 2559K [0x00000000eb980000, 0x00000000f0480000, 0x0000000100000000)
  eden space 31744K, 0% used [0x00000000eb980000,0x00000000eb980000,0x00000000ed880000)
  from space 2560K, 99% used [0x00000000ed880000,0x00000000edafff18,0x00000000edb00000)
  to   space 6656K, 0% used [0x00000000efe00000,0x00000000efe00000,0x00000000f0480000)
 ParOldGen       total 42496K, used 9258K [0x00000000c2c00000, 0x00000000c5580000, 0x00000000eb980000)
  object space 42496K, 21% used [0x00000000c2c00000,0x00000000c350a900,0x00000000c5580000)
 Metaspace       used 13859K, capacity 14240K, committed 14464K, reserved 1062912K
  class space    used 1777K, capacity 1901K, committed 1920K, reserved 1048576K
}
Event: 7.700 GC heap before
{Heap before GC invocations=6 (full 0):
 PSYoungGen      total 34304K, used 34303K [0x00000000eb980000, 0x00000000f0480000, 0x0000000100000000)
  eden space 31744K, 100% used [0x00000000eb980000,0x00000000ed880000,0x00000000ed880000)
  from space 2560K, 99% used [0x00000000ed880000,0x00000000edafff18,0x00000000edb00000)
  to   space 6656K, 0% used [0x00000000efe00000,0x00000000efe00000,0x00000000f0480000)
 ParOldGen       total 42496K, used 9258K [0x00000000c2c00000, 0x00000000c5580000, 0x00000000eb980000)
  object space 42496K, 21% used [0x00000000c2c00000,0x00000000c350a900,0x00000000c5580000)
 Metaspace       used 15282K, capacity 15712K, committed 15872K, reserved 1062912K
  class space    used 2068K, capacity 2218K, committed 2304K, reserved 1048576K
Event: 7.721 GC heap after
Heap after GC invocations=6 (full 0):
 PSYoungGen      total 69120K, used 4332K [0x00000000eb980000, 0x00000000f0380000, 0x0000000100000000)
  eden space 63488K, 0% used [0x00000000eb980000,0x00000000eb980000,0x00000000ef780000)
  from space 5632K, 76% used [0x00000000efe00000,0x00000000f023b000,0x00000000f0380000)
  to   space 6144K, 0% used [0x00000000ef780000,0x00000000ef780000,0x00000000efd80000)
 ParOldGen       total 42496K, used 9266K [0x00000000c2c00000, 0x00000000c5580000, 0x00000000eb980000)
  object space 42496K, 21% used [0x00000000c2c00000,0x00000000c350c900,0x00000000c5580000)
 Metaspace       used 15282K, capacity 15712K, committed 15872K, reserved 1062912K
  class space    used 2068K, capacity 2218K, committed 2304K, reserved 1048576K
}
Event: 10.186 GC heap before
{Heap before GC invocations=7 (full 0):
 PSYoungGen      total 69120K, used 65700K [0x00000000eb980000, 0x00000000f0380000, 0x0000000100000000)
  eden space 63488K, 96% used [0x00000000eb980000,0x00000000ef56e1d8,0x00000000ef780000)
  from space 5632K, 76% used [0x00000000efe00000,0x00000000f023b000,0x00000000f0380000)
  to   space 6144K, 0% used [0x00000000ef780000,0x00000000ef780000,0x00000000efd80000)
 ParOldGen       total 42496K, used 9266K [0x00000000c2c00000, 0x00000000c5580000, 0x00000000eb980000)
  object space 42496K, 21% used [0x00000000c2c00000,0x00000000c350c900,0x00000000c5580000)
 Metaspace       used 20470K, capacity 21146K, committed 21248K, reserved 1067008K
  class space    used 2795K, capacity 3005K, committed 3072K, reserved 1048576K
Event: 10.200 GC heap after
Heap after GC invocations=7 (full 0):
 PSYoungGen      total 69632K, used 6128K [0x00000000eb980000, 0x00000000f0380000, 0x0000000100000000)
  eden space 63488K, 0% used [0x00000000eb980000,0x00000000eb980000,0x00000000ef780000)
  from space 6144K, 99% used [0x00000000ef780000,0x00000000efd7c3a0,0x00000000efd80000)
  to   space 5632K, 0% used [0x00000000efe00000,0x00000000efe00000,0x00000000f0380000)
 ParOldGen       total 42496K, used 12308K [0x00000000c2c00000, 0x00000000c5580000, 0x00000000eb980000)
  object space 42496K, 28% used [0x00000000c2c00000,0x00000000c38051f8,0x00000000c5580000)
 Metaspace       used 20470K, capacity 21146K, committed 21248K, reserved 1067008K
  class space    used 2795K, capacity 3005K, committed 3072K, reserved 1048576K
}
Event: 10.200 GC heap before
{Heap before GC invocations=8 (full 1):
 PSYoungGen      total 69632K, used 6128K [0x00000000eb980000, 0x00000000f0380000, 0x0000000100000000)
  eden space 63488K, 0% used [0x00000000eb980000,0x00000000eb980000,0x00000000ef780000)
  from space 6144K, 99% used [0x00000000ef780000,0x00000000efd7c3a0,0x00000000efd80000)
  to   space 5632K, 0% used [0x00000000efe00000,0x00000000efe00000,0x00000000f0380000)
 ParOldGen       total 42496K, used 12308K [0x00000000c2c00000, 0x00000000c5580000, 0x00000000eb980000)
  object space 42496K, 28% used [0x00000000c2c00000,0x00000000c38051f8,0x00000000c5580000)
 Metaspace       used 20470K, capacity 21146K, committed 21248K, reserved 1067008K
  class space    used 2795K, capacity 3005K, committed 3072K, reserved 1048576K
Event: 10.247 GC heap after
Heap after GC invocations=8 (full 1):
 PSYoungGen      total 69632K, used 0K [0x00000000eb980000, 0x00000000f0380000, 0x0000000100000000)
  eden space 63488K, 0% used [0x00000000eb980000,0x00000000eb980000,0x00000000ef780000)
  from space 6144K, 0% used [0x00000000ef780000,0x00000000ef780000,0x00000000efd80000)
  to   space 5632K, 0% used [0x00000000efe00000,0x00000000efe00000,0x00000000f0380000)
 ParOldGen       total 33792K, used 9969K [0x00000000c2c00000, 0x00000000c4d00000, 0x00000000eb980000)
  object space 33792K, 29% used [0x00000000c2c00000,0x00000000c35bc710,0x00000000c4d00000)
 Metaspace       used 20470K, capacity 21146K, committed 21248K, reserved 1067008K
  class space    used 2795K, capacity 3005K, committed 3072K, reserved 1048576K
}
Event: 15.272 GC heap before
{Heap before GC invocations=9 (full 1):
 PSYoungGen      total 69632K, used 63488K [0x00000000eb980000, 0x00000000f0380000, 0x0000000100000000)
  eden space 63488K, 100% used [0x00000000eb980000,0x00000000ef780000,0x00000000ef780000)
  from space 6144K, 0% used [0x00000000ef780000,0x00000000ef780000,0x00000000efd80000)
  to   space 5632K, 0% used [0x00000000efe00000,0x00000000efe00000,0x00000000f0380000)
 ParOldGen       total 33792K, used 9969K [0x00000000c2c00000, 0x00000000c4d00000, 0x00000000eb980000)
  object space 33792K, 29% used [0x00000000c2c00000,0x00000000c35bc710,0x00000000c4d00000)
 Metaspace       used 23092K, capacity 24113K, committed 24448K, reserved 1073152K
  class space    used 3178K, capacity 3427K, committed 3456K, reserved 1048576K
Event: 15.300 GC heap after
Heap after GC invocations=9 (full 1):
 PSYoungGen      total 69120K, used 5113K [0x00000000eb980000, 0x00000000f0380000, 0x0000000100000000)
  eden space 63488K, 0% used [0x00000000eb980000,0x00000000eb980000,0x00000000ef780000)
  from space 5632K, 90% used [0x00000000efe00000,0x00000000f02fe438,0x00000000f0380000)
  to   space 6144K, 0% used [0x00000000ef780000,0x00000000ef780000,0x00000000efd80000)
 ParOldGen       total 33792K, used 9977K [0x00000000c2c00000, 0x00000000c4d00000, 0x00000000eb980000)
  object space 33792K, 29% used [0x00000000c2c00000,0x00000000c35be710,0x00000000c4d00000)
 Metaspace       used 23092K, capacity 24113K, committed 24448K, reserved 1073152K
  class space    used 3178K, capacity 3427K, committed 3456K, reserved 1048576K
}

Deoptimization events (0 events):
No events

Classes redefined (0 events):
No events

Internal exceptions (10 events):
Event: 12.806 Thread 0x0000000017287000 Exception <a 'java/lang/reflect/InvocationTargetException'> (0x00000000ed6948e8) thrown at [C:\re\workspace\8-2-build-windows-amd64-cygwin\jdk8u221\13320\hotspot\src\share\vm\runtime\reflection.cpp, line 1092]
Event: 14.041 Thread 0x00000000174ee800 Exception <a 'java/lang/ArrayIndexOutOfBoundsException'> (0x00000000edc3f410) thrown at [C:\re\workspace\8-2-build-windows-amd64-cygwin\jdk8u221\13320\hotspot\src\share\vm\runtime\sharedRuntime.cpp, line 605]
Event: 14.043 Thread 0x00000000174ee800 Exception <a 'java/lang/ArrayIndexOutOfBoundsException'> (0x00000000edc5c848) thrown at [C:\re\workspace\8-2-build-windows-amd64-cygwin\jdk8u221\13320\hotspot\src\share\vm\runtime\sharedRuntime.cpp, line 605]
Event: 14.045 Thread 0x00000000174ee800 Exception <a 'java/lang/ArrayIndexOutOfBoundsException'> (0x00000000edc69d90) thrown at [C:\re\workspace\8-2-build-windows-amd64-cygwin\jdk8u221\13320\hotspot\src\share\vm\runtime\sharedRuntime.cpp, line 605]
Event: 14.045 Thread 0x00000000174ee800 Exception <a 'java/lang/ArrayIndexOutOfBoundsException'> (0x00000000edc6bbc0) thrown at [C:\re\workspace\8-2-build-windows-amd64-cygwin\jdk8u221\13320\hotspot\src\share\vm\runtime\sharedRuntime.cpp, line 605]
Event: 14.749 Thread 0x00000000174ee800 Exception <a 'java/lang/ArrayIndexOutOfBoundsException'> (0x00000000ee1b2248) thrown at [C:\re\workspace\8-2-build-windows-amd64-cygwin\jdk8u221\13320\hotspot\src\share\vm\runtime\sharedRuntime.cpp, line 605]
Event: 14.750 Thread 0x00000000174ee800 Exception <a 'java/lang/ArrayIndexOutOfBoundsException'> (0x00000000ee1b4410) thrown at [C:\re\workspace\8-2-build-windows-amd64-cygwin\jdk8u221\13320\hotspot\src\share\vm\runtime\sharedRuntime.cpp, line 605]
Event: 14.752 Thread 0x00000000174ee800 Exception <a 'java/lang/ArrayIndexOutOfBoundsException'> (0x00000000ee1c9fc8) thrown at [C:\re\workspace\8-2-build-windows-amd64-cygwin\jdk8u221\13320\hotspot\src\share\vm\runtime\sharedRuntime.cpp, line 605]
Event: 14.756 Thread 0x00000000174ee800 Exception <a 'java/lang/NoSuchMethodError': java.lang.Object.lambda$or$2(Ljava/util/function/Predicate;Ljava/lang/Object;)Z> (0x00000000ee1e9688) thrown at [C:\re\workspace\8-2-build-windows-amd64-cygwin\jdk8u221\13320\hotspot\src\share\vm\interpreter\lin
Event: 15.212 Thread 0x00000000174ee800 Exception <a 'java/lang/IncompatibleClassChangeError': Found class java.lang.Object, but interface was expected> (0x00000000ef56ecf8) thrown at [C:\re\workspace\8-2-build-windows-amd64-cygwin\jdk8u221\13320\hotspot\src\share\vm\interpreter\linkResolver.cp

Events (10 events):
Event: 15.990 loading class org/springframework/boot/actuate/health/HealthEndpoint done
Event: 15.991 loading class org/springframework/boot/actuate/health/HealthEndpointSupport
Event: 15.991 loading class org/springframework/boot/actuate/health/HealthEndpointSupport done
Event: 15.993 Thread 0x000000001635c000 Thread added: 0x000000001635c000
Event: 16.002 Thread 0x000000001635c000 Thread exited: 0x000000001635c000
Event: 16.003 Thread 0x000000001635c000 Thread added: 0x000000001635c000
Event: 16.006 Thread 0x000000001635d000 Thread added: 0x000000001635d000
Event: 16.007 Thread 0x000000001635c000 Thread exited: 0x000000001635c000
Event: 16.011 Thread 0x000000001635d000 Thread exited: 0x000000001635d000
Event: 16.014 Thread 0x000000001635d000 Thread added: 0x000000001635d000


Dynamic libraries:
0x00007ff6464e0000 - 0x00007ff646517000 	C:\Program Files\Java\jre1.8.0_221\bin\javaw.exe
0x00007ffda0560000 - 0x00007ffda0750000 	C:\WINDOWS\SYSTEM32\ntdll.dll
0x00007ffd9f8a0000 - 0x00007ffd9f952000 	C:\WINDOWS\System32\KERNEL32.DLL
0x00007ffd9e0e0000 - 0x00007ffd9e384000 	C:\WINDOWS\System32\KERNELBASE.dll
0x00007ffd9eb40000 - 0x00007ffd9ebe3000 	C:\WINDOWS\System32\ADVAPI32.dll
0x00007ffda0480000 - 0x00007ffda051e000 	C:\WINDOWS\System32\msvcrt.dll
0x00007ffd9e760000 - 0x00007ffd9e7f7000 	C:\WINDOWS\System32\sechost.dll
0x00007ffda0360000 - 0x00007ffda0480000 	C:\WINDOWS\System32\RPCRT4.dll
0x00007ffd9f970000 - 0x00007ffd9fb04000 	C:\WINDOWS\System32\USER32.dll
0x00007ffd9e0b0000 - 0x00007ffd9e0d1000 	C:\WINDOWS\System32\win32u.dll
0x00007ffd9e730000 - 0x00007ffd9e756000 	C:\WINDOWS\System32\GDI32.dll
0x00007ffd9e470000 - 0x00007ffd9e605000 	C:\WINDOWS\System32\gdi32full.dll
0x00007ffd9de60000 - 0x00007ffd9defe000 	C:\WINDOWS\System32\msvcp_win.dll
0x00007ffd9dfb0000 - 0x00007ffd9e0aa000 	C:\WINDOWS\System32\ucrtbase.dll
0x00007ffd7b3c0000 - 0x00007ffd7b644000 	C:\WINDOWS\WinSxS\amd64_microsoft.windows.common-controls_6595b64144ccf1df_6.0.18362.900_none_e6beb9d913147d17\COMCTL32.dll
0x00007ffd9e800000 - 0x00007ffd9eb35000 	C:\WINDOWS\System32\combase.dll
0x00007ffd9e3f0000 - 0x00007ffd9e470000 	C:\WINDOWS\System32\bcryptPrimitives.dll
0x00007ffd9ebf0000 - 0x00007ffd9ec1e000 	C:\WINDOWS\System32\IMM32.DLL
0x000000006f330000 - 0x000000006f402000 	C:\Program Files\Java\jre1.8.0_221\bin\msvcr100.dll
0x000000006c990000 - 0x000000006d235000 	C:\Program Files\Java\jre1.8.0_221\bin\server\jvm.dll
0x00007ffd9f890000 - 0x00007ffd9f898000 	C:\WINDOWS\System32\PSAPI.DLL
0x00007ffd7ddb0000 - 0x00007ffd7ddb9000 	C:\WINDOWS\SYSTEM32\WSOCK32.dll
0x00007ffda02f0000 - 0x00007ffda035f000 	C:\WINDOWS\System32\WS2_32.dll
0x00007ffd976d0000 - 0x00007ffd976f4000 	C:\WINDOWS\SYSTEM32\WINMM.dll
0x00007ffd928f0000 - 0x00007ffd928fa000 	C:\WINDOWS\SYSTEM32\VERSION.dll
0x00007ffd975a0000 - 0x00007ffd975cd000 	C:\WINDOWS\SYSTEM32\WINMMBASE.dll
0x00007ffd9dcc0000 - 0x00007ffd9dd0a000 	C:\WINDOWS\System32\cfgmgr32.dll
0x00007ffd77970000 - 0x00007ffd7797f000 	C:\Program Files\Java\jre1.8.0_221\bin\verify.dll
0x00007ffd5d440000 - 0x00007ffd5d469000 	C:\Program Files\Java\jre1.8.0_221\bin\java.dll
0x00007ffd6cb30000 - 0x00007ffd6cb46000 	C:\Program Files\Java\jre1.8.0_221\bin\zip.dll
0x00007ffd9f000000 - 0x00007ffd9f6e6000 	C:\WINDOWS\System32\SHELL32.dll
0x00007ffd9f7e0000 - 0x00007ffd9f889000 	C:\WINDOWS\System32\shcore.dll
0x00007ffd9d4f0000 - 0x00007ffd9dc70000 	C:\WINDOWS\System32\windows.storage.dll
0x00007ffd9d4a0000 - 0x00007ffd9d4c3000 	C:\WINDOWS\System32\profapi.dll
0x00007ffd9d450000 - 0x00007ffd9d49a000 	C:\WINDOWS\System32\powrprof.dll
0x00007ffd9d420000 - 0x00007ffd9d430000 	C:\WINDOWS\System32\UMPDC.dll
0x00007ffda0290000 - 0x00007ffda02e2000 	C:\WINDOWS\System32\shlwapi.dll
0x00007ffd9d430000 - 0x00007ffd9d441000 	C:\WINDOWS\System32\kernel.appcore.dll
0x00007ffd9dc70000 - 0x00007ffd9dc87000 	C:\WINDOWS\System32\cryptsp.dll
0x00007ffd97730000 - 0x00007ffd9773d000 	C:\Program Files\Java\jre1.8.0_221\bin\management.dll
0x00007ffd6aaa0000 - 0x00007ffd6aaba000 	C:\Program Files\Java\jre1.8.0_221\bin\net.dll
0x00007ffd80b60000 - 0x00007ffd80d36000 	C:\WINDOWS\SYSTEM32\urlmon.dll
0x00007ffd85300000 - 0x00007ffd855a6000 	C:\WINDOWS\SYSTEM32\iertutil.dll
0x00007ffd9ce00000 - 0x00007ffd9ce0c000 	C:\WINDOWS\SYSTEM32\CRYPTBASE.DLL
0x00007ffd9cc30000 - 0x00007ffd9cc97000 	C:\WINDOWS\system32\mswsock.dll
0x00007ffd62b20000 - 0x00007ffd62b32000 	C:\Program Files\Java\jre1.8.0_221\bin\nio.dll
0x00007ffd776c0000 - 0x00007ffd776d6000 	C:\WINDOWS\system32\napinsp.dll
0x00007ffd776a0000 - 0x00007ffd776ba000 	C:\WINDOWS\system32\pnrpnsp.dll
0x00007ffd9c980000 - 0x00007ffd9ca4b000 	C:\WINDOWS\SYSTEM32\DNSAPI.dll
0x00007ffd9f960000 - 0x00007ffd9f968000 	C:\WINDOWS\System32\NSI.dll
0x00007ffd9c940000 - 0x00007ffd9c97a000 	C:\WINDOWS\SYSTEM32\IPHLPAPI.DLL
0x00007ffd77690000 - 0x00007ffd7769e000 	C:\WINDOWS\System32\winrnr.dll
0x00007ffd95be0000 - 0x00007ffd95bfc000 	C:\WINDOWS\system32\NLAapi.dll
0x00007ffd95000000 - 0x00007ffd95015000 	C:\WINDOWS\system32\wshbth.dll
0x00007ffd83ca0000 - 0x00007ffd83caa000 	C:\Windows\System32\rasadhlp.dll
0x00007ffd87e50000 - 0x00007ffd87ec7000 	C:\WINDOWS\System32\fwpuclnt.dll
0x00007ffd9dc90000 - 0x00007ffd9dcb6000 	C:\WINDOWS\System32\bcrypt.dll
0x00007ffd9c7a0000 - 0x00007ffd9c7d3000 	C:\WINDOWS\system32\rsaenh.dll
0x00007ffd9d310000 - 0x00007ffd9d335000 	C:\WINDOWS\SYSTEM32\USERENV.dll
0x00007ffd8bf20000 - 0x00007ffd8bf36000 	C:\WINDOWS\SYSTEM32\dhcpcsvc6.DLL
0x00007ffd8e200000 - 0x00007ffd8e21c000 	C:\WINDOWS\SYSTEM32\dhcpcsvc.DLL

VM Arguments:
jvm_args: -Dcom.sun.management.jmxremote -Dcom.sun.management.jmxremote.port=50349 -Dcom.sun.management.jmxremote.authenticate=false -Dcom.sun.management.jmxremote.ssl=false -Djava.rmi.server.hostname=localhost -Dspring.jmx.enabled=true -Dspring.application.admin.enabled=true -Xverify:none -XX:TieredStopAtLevel=1 -Dspring.boot.project.name=zuul -Dfile.encoding=UTF-8 
java_command: Zuul.zuul.ZuulApplication
java_class_path (initial): C:\Users\Deepak\Desktop\WorkSpace for eclipse\Spring workspace\zuul\target\classes;C:\Users\Deepak\.m2\repository\org\springframework\boot\spring-boot-starter-actuator\2.3.1.RELEASE\spring-boot-starter-actuator-2.3.1.RELEASE.jar;C:\Users\Deepak\.m2\repository\org\springframework\boot\spring-boot-starter\2.3.1.RELEASE\spring-boot-starter-2.3.1.RELEASE.jar;C:\Users\Deepak\.m2\repository\org\springframework\boot\spring-boot-starter-logging\2.3.1.RELEASE\spring-boot-starter-logging-2.3.1.RELEASE.jar;C:\Users\Deepak\.m2\repository\ch\qos\logback\logback-classic\1.2.3\logback-classic-1.2.3.jar;C:\Users\Deepak\.m2\repository\ch\qos\logback\logback-core\1.2.3\logback-core-1.2.3.jar;C:\Users\Deepak\.m2\repository\org\apache\logging\log4j\log4j-to-slf4j\2.13.3\log4j-to-slf4j-2.13.3.jar;C:\Users\Deepak\.m2\repository\org\apache\logging\log4j\log4j-api\2.13.3\log4j-api-2.13.3.jar;C:\Users\Deepak\.m2\repository\org\slf4j\jul-to-slf4j\1.7.30\jul-to-slf4j-1.7.30.jar;C:\Users\Deepak\.m2\repository\jakarta\annotation\jakarta.annotation-api\1.3.5\jakarta.annotation-api-1.3.5.jar;C:\Users\Deepak\.m2\repository\org\yaml\snakeyaml\1.26\snakeyaml-1.26.jar;C:\Users\Deepak\.m2\repository\org\springframework\boot\spring-boot-actuator-autoconfigure\2.3.1.RELEASE\spring-boot-actuator-autoconfigure-2.3.1.RELEASE.jar;C:\Users\Deepak\.m2\repository\org\springframework\boot\spring-boot-actuator\2.3.1.RELEASE\spring-boot-actuator-2.3.1.RELEASE.jar;C:\Users\Deepak\.m2\repository\com\fasterxml\jackson\core\jackson-databind\2.11.0\jackson-databind-2.11.0.jar;C:\Users\Deepak\.m2\repository\com\fasterxml\jackson\datatype\jackson-datatype-jsr310\2.11.0\jackson-datatype-jsr310-2.11.0.jar;C:\Users\Deepak\.m2\repository\io\micrometer\micrometer-core\1.5.1\micrometer-core-1.5.1.jar;C:\Users\Deepak\.m2\repository\org\hdrhistogram\HdrHistogram\2.1.12\HdrHistogram-2.1.12.jar;C:\Users\Deepak\.m2\repository\org\latencyutils\LatencyUtils\2.0.3\LatencyUtils-2.0.3.jar;C:\Users\Deepak\.m
Launcher Type: SUN_STANDARD

Environment Variables:
JAVA_HOME=C:\Program Files\Java\jdk1.8.0_212
PATH=C:/Program Files/Java/jre1.8.0_221/bin/server;C:/Program Files/Java/jre1.8.0_221/bin;C:/Program Files/Java/jre1.8.0_221/lib/amd64;C:\Python27\;C:\Python27\Scripts;C:\Program Files (x86)\Common Files\Oracle\Java\javapath;C:\WINDOWS\system32;C:\WINDOWS;C:\WINDOWS\System32\Wbem;C:\WINDOWS\System32\WindowsPowerShell\v1.0\;C:\WINDOWS\System32\OpenSSH\;C:\Program Files (x86)\Intel\Intel(R) Management Engine Components\DAL;C:\Program Files\Intel\Intel(R) Management Engine Components\DAL;%JAVA_HOME%\bin;C:\Program Files\nodejs\;C:\ProgramData\chocolatey\bin;C:\Program Files\Git\cmd;C:\Program Files\MySQL\MySQL Shell 8.0\bin\;C:\Users\Deepak\AppData\Local\Microsoft\WindowsApps;C:\Program Files\JetBrains\PyCharm 2019.1.3\bin;C:\Program Files\JetBrains\IntelliJ IDEA 2019.1.3\bin;C:\personal\flutter\bin;%ANDROID_HOME%\tools;%ANDROID_HOME%\platform-tools;C:\Users\Deepak\AppData\Local\Programs\Microsoft VS Code\bin;C:\Users\Deepak\AppData\Local\GitHubDesktop\bin;C:\Users\Deepak\AppData\Roaming\npm;C:\Program Files\Docker Toolbox;C:\Users\Deepak\AppData\Local\Microsoft\WindowsApps;;C:\WINDOWS\System32;
USERNAME=Deepak
OS=Windows_NT
PROCESSOR_IDENTIFIER=Intel64 Family 6 Model 142 Stepping 11, GenuineIntel



---------------  S Y S T E M  ---------------

OS: Windows 10.0 , 64 bit Build 18362 (10.0.18362.900)

CPU:total 4 (initial active 4) (2 cores per cpu, 2 threads per core) family 6 model 142 stepping 11, cmov, cx8, fxsr, mmx, sse, sse2, sse3, ssse3, sse4.1, sse4.2, popcnt, avx, avx2, aes, clmul, erms, 3dnowpref, lzcnt, ht, tsc, tscinvbit, bmi1, bmi2, adx

Memory: 4k page, physical 4011956k(58840k free), swap 16070580k(0k free)

vm_info: Java HotSpot(TM) 64-Bit Server VM (25.221-b11) for windows-amd64 JRE (1.8.0_221-b11), built on Jul  4 2019 04:39:29 by "java_re" with MS VC++ 10.0 (VS2010)

time: Sun Jun 21 21:52:24 2020
timezone: India Standard Time
elapsed time: 16 seconds (0d 0h 0m 16s)

